<?xml version="1.0" encoding="UTF-8"?>
<!-- Generated by org.testng.reporters.JUnitReportReporter -->
<testsuite hostname="ATMECSINDT-083" failures="0" tests="1" name="com.Konakart.Testscript.ValidateProductOutcome" time="0.000" errors="0" timestamp="04 Oct 2019 15:38:20 GMT" skipped="1">
  <testcase classname="com.Konakart.Testscript.ValidateProductOutcome" name="validateproductOutcome" time="0.000">
    <skipped/>
  </testcase> <!-- validateproductOutcome -->
</testsuite> <!-- com.Konakart.Testscript.ValidateProductOutcome -->
